Hotspot/app/build/intermediates/manifest_merge_blame_file/debug/manifest-merger-blame-debug-report.txt
1<?xml version="1.0" encoding="utf-8"?>
2<manifest xmlns:android="http://schemas.android.com/apk/res/android"
3    package="com.example.hotspot"
4    android:versionCode="1"
5    android:versionName="1.0" >
6
7    <uses-sdk
8        android:minSdkVersion="16"
8-->src/main/AndroidManifest.xml
9        android:targetSdkVersion="30" />
9-->src/main/AndroidManifest.xml
10
11    <uses-permission android:name="android.permission.ACCESS_COARSE_LOCATION" />
11-->src/main/AndroidManifest.xml:6:5-81
11-->src/main/AndroidManifest.xml:6:22-78
12    <uses-permission android:name="android.permission.ACCESS_FINE_LOCATION" />
12-->src/main/AndroidManifest.xml:7:5-79
12-->src/main/AndroidManifest.xml:7:22-76
13    <uses-permission android:name="android.permission.ACCESS_BACKGROUND_LOCATION" />
13-->src/main/AndroidManifest.xml:8:5-85
13-->src/main/AndroidManifest.xml:8:22-82
14    <uses-permission android:name="android.permission.ACCESS_WIFI_STATE" />
14-->src/main/AndroidManifest.xml:9:5-76
14-->src/main/AndroidManifest.xml:9:22-73
15    <uses-permission android:name="android.permission.CHANGE_WIFI_STATE" />
15-->src/main/AndroidManifest.xml:10:5-76
15-->src/main/AndroidManifest.xml:10:22-73
16    <uses-permission android:name="android.permission.CHANGE_NETWORK_STATE" />
16-->src/main/AndroidManifest.xml:11:5-79
16-->src/main/AndroidManifest.xml:11:22-76
17    <uses-permission android:name="android.permission.INTERNET" />
17-->src/main/AndroidManifest.xml:12:5-67
17-->src/main/AndroidManifest.xml:12:22-64
18    <uses-permission android:name="android.permission.ACCESS_NETWORK_STATE" />
18-->src/main/AndroidManifest.xml:13:5-79
18-->src/main/AndroidManifest.xml:13:22-76
19    <uses-permission android:name="android.permission.WRITE_SETTINGS" />
19-->src/main/AndroidManifest.xml:14:5-73
19-->src/main/AndroidManifest.xml:14:22-70
20
21    <application
21-->src/main/AndroidManifest.xml:16:5-56:19
22        android:name="androidx.multidex.MultiDexApplication"
23        android:allowBackup="true"
23-->src/main/AndroidManifest.xml:17:9-35
24        android:appComponentFactory="androidx.core.app.CoreComponentFactory"
24-->[androidx.core:core:1.3.1] AndroidManifest.xml:24:18-86
25        android:debuggable="true"
26        android:icon="@mipmap/ic_launcher"
26-->src/main/AndroidManifest.xml:18:9-43
27        android:label="@string/app_name"
27-->src/main/AndroidManifest.xml:19:9-41
28        android:roundIcon="@mipmap/ic_launcher_round"
28-->src/main/AndroidManifest.xml:20:9-54
29        android:supportsRtl="true"
29-->src/main/AndroidManifest.xml:21:9-35
30        android:testOnly="true"
31        android:theme="@style/Theme.Hotspot" >
31-->src/main/AndroidManifest.xml:22:9-45
32
33        <!-- <activity -->
34        <!-- android:name=".Cargando" -->
35        <!-- android:exported="true" -->
36        <!-- android:label="@string/title_activity_cargando" -->
37        <!-- android:theme="@style/Theme.Hotspot.NoActionBar" /> -->
38
39        <service android:name="com.example.hotspot.ServicioJuego" />
39-->src/main/AndroidManifest.xml:29:9-31:45
39-->src/main/AndroidManifest.xml:30:13-42
40
41        <activity
41-->src/main/AndroidManifest.xml:33:9-36:73
42            android:name="com.example.hotspot.MainActivity2"
42-->src/main/AndroidManifest.xml:34:13-42
43            android:label="@string/title_activity_main2"
43-->src/main/AndroidManifest.xml:35:13-57
44            android:theme="@style/Theme.Hotspot.NoActionBar" />
44-->src/main/AndroidManifest.xml:36:13-61
45        <activity
45-->src/main/AndroidManifest.xml:37:9-40:64
46            android:name="com.example.hotspot.Jugar"
46-->src/main/AndroidManifest.xml:38:13-34
47            android:label="@string/title_activity_jugar"
47-->src/main/AndroidManifest.xml:39:13-57
48            android:theme="@style/Theme.Hotspot.NoActionBar" />
48-->src/main/AndroidManifest.xml:40:13-61
49        <activity
49-->src/main/AndroidManifest.xml:41:9-44:64
50            android:name="com.example.hotspot.TraerJuegos"
50-->src/main/AndroidManifest.xml:42:13-40
51            android:label="@string/title_activity_traer_juegos"
51-->src/main/AndroidManifest.xml:43:13-64
52            android:theme="@style/Theme.Hotspot.NoActionBar" />
52-->src/main/AndroidManifest.xml:44:13-61
53        <activity android:name="com.example.hotspot.MainActivity" >
53-->src/main/AndroidManifest.xml:45:9-50:20
53-->src/main/AndroidManifest.xml:45:19-47
54            <intent-filter>
54-->src/main/AndroidManifest.xml:46:13-49:29
55                <action android:name="android.intent.action.MAIN" />
55-->src/main/AndroidManifest.xml:47:17-69
55-->src/main/AndroidManifest.xml:47:25-66
56
57                <category android:name="android.intent.category.LAUNCHER" />
57-->src/main/AndroidManifest.xml:48:17-77
57-->src/main/AndroidManifest.xml:48:27-74
58            </intent-filter>
59        </activity>
60        <activity
60-->src/main/AndroidManifest.xml:51:9-55:20
61            android:name="com.example.hotspot.CrearTablero"
61-->src/main/AndroidManifest.xml:52:13-41
62            android:configChanges="keyboardHidden|orientation"
62-->src/main/AndroidManifest.xml:53:13-63
63            android:screenOrientation="landscape" >
63-->src/main/AndroidManifest.xml:54:13-50
64        </activity>
65
66        <service
66-->[com.google.firebase:firebase-firestore:22.1.2] AndroidManifest.xml:17:9-23:19
67            android:name="com.google.firebase.components.ComponentDiscoveryService"
67-->[com.google.firebase:firebase-firestore:22.1.2] AndroidManifest.xml:18:13-84
68            android:directBootAware="true"
68-->[com.google.firebase:firebase-common:19.5.0] AndroidManifest.xml:35:13-43
69            android:exported="false" >
69-->[com.google.firebase:firebase-firestore:22.1.2] AndroidManifest.xml:19:13-37
70            <meta-data
70-->[com.google.firebase:firebase-firestore:22.1.2] AndroidManifest.xml:20:13-22:85
71                android:name="com.google.firebase.components:com.google.firebase.firestore.FirestoreRegistrar"
71-->[com.google.firebase:firebase-firestore:22.1.2] AndroidManifest.xml:21:17-111
72                android:value="com.google.firebase.components.ComponentRegistrar" />
72-->[com.google.firebase:firebase-firestore:22.1.2] AndroidManifest.xml:22:17-82
73            <!--
74                This registrar is not defined in the dynamic-module-support sdk itself to allow non-firebase
75                clients to use it as well, by defining this registrar in their own core/common library.
76            -->
77            <meta-data
77-->[com.google.firebase:firebase-common:19.5.0] AndroidManifest.xml:43:13-45:85
78                android:name="com.google.firebase.components:com.google.firebase.dynamicloading.DynamicLoadingRegistrar"
78-->[com.google.firebase:firebase-common:19.5.0] AndroidManifest.xml:44:17-121
79                android:value="com.google.firebase.components.ComponentRegistrar" />
79-->[com.google.firebase:firebase-common:19.5.0] AndroidManifest.xml:45:17-82
80        </service>
81
82        <activity
82-->[com.google.android.gms:play-services-base:17.0.0] AndroidManifest.xml:23:9-26:75
83            android:name="com.google.android.gms.common.api.GoogleApiActivity"
83-->[com.google.android.gms:play-services-base:17.0.0] AndroidManifest.xml:24:13-79
84            android:exported="false"
84-->[com.google.android.gms:play-services-base:17.0.0] AndroidManifest.xml:25:13-37
85            android:theme="@android:style/Theme.Translucent.NoTitleBar" />
85-->[com.google.android.gms:play-services-base:17.0.0] AndroidManifest.xml:26:13-72
86
87        <provider
87-->[com.google.firebase:firebase-common:19.5.0] AndroidManifest.xml:26:9-31:39
88            android:name="com.google.firebase.provider.FirebaseInitProvider"
88-->[com.google.firebase:firebase-common:19.5.0] AndroidManifest.xml:27:13-77
89            android:authorities="com.example.hotspot.firebaseinitprovider"
89-->[com.google.firebase:firebase-common:19.5.0] AndroidManifest.xml:28:13-72
90            android:directBootAware="true"
90-->[com.google.firebase:firebase-common:19.5.0] AndroidManifest.xml:29:13-43
91            android:exported="false"
91-->[com.google.firebase:firebase-common:19.5.0] AndroidManifest.xml:30:13-37
92            android:initOrder="100" />
92-->[com.google.firebase:firebase-common:19.5.0] AndroidManifest.xml:31:13-36
93
94        <meta-data
94-->[com.google.android.gms:play-services-basement:17.0.0] AndroidManifest.xml:23:9-25:69
95            android:name="com.google.android.gms.version"
95-->[com.google.android.gms:play-services-basement:17.0.0] AndroidManifest.xml:24:13-58
96            android:value="@integer/google_play_services_version" />
96-->[com.google.android.gms:play-services-basement:17.0.0] AndroidManifest.xml:25:13-66
97    </application>
98
99</manifest>